  main.cpp
  matr_fun.cpp
D:\2 курс\АиП\Кп4.1\Кп4.1\matr_fun.cpp(47,20): warning C4018: <: несоответствие типов со знаком и без знака
D:\2 курс\АиП\Кп4.1\Кп4.1\matr_fun.cpp(48,21): warning C4018: <: несоответствие типов со знаком и без знака
D:\2 курс\АиП\Кп4.1\Кп4.1\matr_fun.cpp(122,20): warning C4018: <: несоответствие типов со знаком и без знака
D:\2 курс\АиП\Кп4.1\Кп4.1\matr_fun.cpp(123,21): warning C4018: <: несоответствие типов со знаком и без знака
D:\2 курс\АиП\Кп4.1\Кп4.1\matr_fun.cpp(133,7): warning C4018: >: несоответствие типов со знаком и без знака
D:\2 курс\АиП\Кп4.1\Кп4.1\matr_fun.cpp(133,22): warning C4018: >: несоответствие типов со знаком и без знака
D:\2 курс\АиП\Кп4.1\Кп4.1\matr_fun.cpp(145,21): warning C4018: <: несоответствие типов со знаком и без знака
D:\2 курс\АиП\Кп4.1\Кп4.1\matr_fun.cpp(146,22): warning C4018: <: несоответствие типов со знаком и без знака
D:\2 курс\АиП\Кп4.1\Кп4.1\matr_fun.cpp(159,21): warning C4018: <: несоответствие типов со знаком и без знака
D:\2 курс\АиП\Кп4.1\Кп4.1\matr_fun.cpp(160,22): warning C4018: <: несоответствие типов со знаком и без знака
D:\2 курс\АиП\Кп4.1\Кп4.1\matr_fun.cpp(173,20): warning C4018: <: несоответствие типов со знаком и без знака
D:\2 курс\АиП\Кп4.1\Кп4.1\matr_fun.cpp(174,21): warning C4018: <: несоответствие типов со знаком и без знака
D:\2 курс\АиП\Кп4.1\Кп4.1\matr_fun.cpp(185,21): warning C4018: <: несоответствие типов со знаком и без знака
D:\2 курс\АиП\Кп4.1\Кп4.1\matr_fun.cpp(186,22): warning C4018: <: несоответствие типов со знаком и без знака
D:\2 курс\АиП\Кп4.1\Кп4.1\matr_fun.cpp(187,23): warning C4018: <: несоответствие типов со знаком и без знака
D:\2 курс\АиП\Кп4.1\Кп4.1\matr_fun.cpp(200,21): warning C4018: <: несоответствие типов со знаком и без знака
D:\2 курс\АиП\Кп4.1\Кп4.1\matr_fun.cpp(201,22): warning C4018: <: несоответствие типов со знаком и без знака
D:\2 курс\АиП\Кп4.1\Кп4.1\matr_fun.cpp(217,21): warning C4018: <: несоответствие типов со знаком и без знака
D:\2 курс\АиП\Кп4.1\Кп4.1\matr_fun.cpp(219,25): warning C4018: <: несоответствие типов со знаком и без знака
D:\2 курс\АиП\Кп4.1\Кп4.1\matr_fun.cpp(233,26): warning C4018: <: несоответствие типов со знаком и без знака
D:\2 курс\АиП\Кп4.1\Кп4.1\matr_fun.cpp(235,21): warning C4018: <: несоответствие типов со знаком и без знака
D:\2 курс\АиП\Кп4.1\Кп4.1\matr_fun.cpp(237,26): warning C4018: <: несоответствие типов со знаком и без знака
D:\2 курс\АиП\Кп4.1\Кп4.1\matr_fun.cpp(251,20): warning C4018: <: несоответствие типов со знаком и без знака
D:\2 курс\АиП\Кп4.1\Кп4.1\matr_fun.cpp(253,24): warning C4018: <: несоответствие типов со знаком и без знака
D:\2 курс\АиП\Кп4.1\Кп4.1\matr_fun.cpp(259,25): warning C4018: <: несоответствие типов со знаком и без знака
D:\2 курс\АиП\Кп4.1\Кп4.1\matr_fun.cpp(261,20): warning C4018: <: несоответствие типов со знаком и без знака
D:\2 курс\АиП\Кп4.1\Кп4.1\matr_fun.cpp(263,25): warning C4018: <: несоответствие типов со знаком и без знака
D:\2 курс\АиП\Кп4.1\Кп4.1\matr_fun.cpp(266,20): warning C4018: <: несоответствие типов со знаком и без знака
D:\2 курс\АиП\Кп4.1\Кп4.1\matr_fun.cpp(276,8): warning C4018: <=: несоответствие типов со знаком и без знака
D:\2 курс\АиП\Кп4.1\Кп4.1\matr_fun.cpp(276,29): warning C4018: <=: несоответствие типов со знаком и без знака
D:\2 курс\АиП\Кп4.1\Кп4.1\matr_fun.cpp(278,21): warning C4018: <: несоответствие типов со знаком и без знака
D:\2 курс\АиП\Кп4.1\Кп4.1\matr_fun.cpp(289,20): warning C4018: <: несоответствие типов со знаком и без знака
D:\2 курс\АиП\Кп4.1\Кп4.1\matr_fun.cpp(290,21): warning C4018: <: несоответствие типов со знаком и без знака
D:\2 курс\АиП\Кп4.1\Кп4.1\matr_fun.cpp(303,21): warning C4018: <: несоответствие типов со знаком и без знака
D:\2 курс\АиП\Кп4.1\Кп4.1\matr_fun.cpp(304,22): warning C4018: <: несоответствие типов со знаком и без знака
D:\2 курс\АиП\Кп4.1\Кп4.1\matr_fun.cpp(320,22): warning C4018: <: несоответствие типов со знаком и без знака
D:\2 курс\АиП\Кп4.1\Кп4.1\matr_fun.cpp(329,23): warning C4018: <: несоответствие типов со знаком и без знака
D:\2 курс\АиП\Кп4.1\Кп4.1\matr_fun.cpp(350,20): warning C4018: <: несоответствие типов со знаком и без знака
D:\2 курс\АиП\Кп4.1\Кп4.1\matr_fun.cpp(360,21): warning C4018: <: несоответствие типов со знаком и без знака
D:\2 курс\АиП\Кп4.1\Кп4.1\matr_fun.cpp(368,22): warning C4018: <: несоответствие типов со знаком и без знака
D:\2 курс\АиП\Кп4.1\Кп4.1\matr_fun.cpp(383,21): warning C4018: <: несоответствие типов со знаком и без знака
  Создание кода...
  Кп4.1.vcxproj -> D:\2 курс\АиП\Кп4.1\Debug\Кп4.1.exe
